# JRE version: Java(TM) SE Runtime Environment (8.0_271-b09) (build 1.8.0_271-b09)
# Java VM: Java HotSpot(TM) 64-Bit Server VM (25.271-b09 mixed mode windows-amd64 compressed oops)
Heap:
 PSYoungGen      total 27648K, used 24578K [0x00000000eb500000, 0x00000000ed680000, 0x0000000100000000)
  eden space 22016K, 97% used [0x00000000eb500000,0x00000000ec9ecbd8,0x00000000eca80000)
  from space 5632K, 55% used [0x00000000ed100000,0x00000000ed413f60,0x00000000ed680000)
  to   space 6144K, 0% used [0x00000000eca80000,0x00000000eca80000,0x00000000ed080000)
 ParOldGen       total 35328K, used 5552K [0x00000000c1e00000, 0x00000000c4080000, 0x00000000eb500000)
  object space 35328K, 15% used [0x00000000c1e00000,0x00000000c236c3b8,0x00000000c4080000)
 Metaspace       used 29740K, capacity 29962K, committed 30336K, reserved 1075200K
  class space    used 3874K, capacity 3954K, committed 3968K, reserved 1048576K
GC Heap History (10 events):
Event: 3.945 GC heap before
{Heap before GC invocations=5 (full 0):
 PSYoungGen      total 18944K, used 18932K [0x00000000eb500000, 0x00000000eca00000, 0x0000000100000000)
  eden space 16384K, 100% used [0x00000000eb500000,0x00000000ec500000,0x00000000ec500000)
  from space 2560K, 99% used [0x00000000ec780000,0x00000000ec9fd050,0x00000000eca00000)
  to   space 2560K, 0% used [0x00000000ec500000,0x00000000ec500000,0x00000000ec780000)
 ParOldGen       total 44032K, used 2572K [0x00000000c1e00000, 0x00000000c4900000, 0x00000000eb500000)
  object space 44032K, 5% used [0x00000000c1e00000,0x00000000c20831d8,0x00000000c4900000)
 Metaspace       used 19521K, capacity 19728K, committed 20096K, reserved 1067008K
  class space    used 2512K, capacity 2593K, committed 2688K, reserved 1048576K
Event: 3.958 GC heap after
Heap after GC invocations=5 (full 0):
 PSYoungGen      total 18944K, used 2532K [0x00000000eb500000, 0x00000000ed300000, 0x0000000100000000)
  eden space 16384K, 0% used [0x00000000eb500000,0x00000000eb500000,0x00000000ec500000)
  from space 2560K, 98% used [0x00000000ec500000,0x00000000ec779040,0x00000000ec780000)
  to   space 7168K, 0% used [0x00000000ecc00000,0x00000000ecc00000,0x00000000ed300000)
 ParOldGen       total 44032K, used 5275K [0x00000000c1e00000, 0x00000000c4900000, 0x00000000eb500000)
  object space 44032K, 11% used [0x00000000c1e00000,0x00000000c2326ea0,0x00000000c4900000)
 Metaspace       used 19521K, capacity 19728K, committed 20096K, reserved 1067008K
  class space    used 2512K, capacity 2593K, committed 2688K, reserved 1048576K
}
Event: 4.744 GC heap before
{Heap before GC invocations=6 (full 0):
 PSYoungGen      total 18944K, used 6804K [0x00000000eb500000, 0x00000000ed300000, 0x0000000100000000)
  eden space 16384K, 26% used [0x00000000eb500000,0x00000000eb92c2d8,0x00000000ec500000)
  from space 2560K, 98% used [0x00000000ec500000,0x00000000ec779040,0x00000000ec780000)
  to   space 7168K, 0% used [0x00000000ecc00000,0x00000000ecc00000,0x00000000ed300000)
 ParOldGen       total 44032K, used 5275K [0x00000000c1e00000, 0x00000000c4900000, 0x00000000eb500000)
  object space 44032K, 11% used [0x00000000c1e00000,0x00000000c2326ea0,0x00000000c4900000)
 Metaspace       used 20790K, capacity 21008K, committed 21248K, reserved 1067008K
  class space    used 2642K, capacity 2721K, committed 2816K, reserved 1048576K
Event: 4.763 GC heap after
Heap after GC invocations=6 (full 0):
 PSYoungGen      total 23552K, used 4394K [0x00000000eb500000, 0x00000000ee300000, 0x0000000100000000)
  eden space 16384K, 0% used [0x00000000eb500000,0x00000000eb500000,0x00000000ec500000)
  from space 7168K, 61% used [0x00000000ecc00000,0x00000000ed04a838,0x00000000ed300000)
  to   space 7168K, 0% used [0x00000000ec500000,0x00000000ec500000,0x00000000ecc00000)
 ParOldGen       total 44032K, used 5283K [0x00000000c1e00000, 0x00000000c4900000, 0x00000000eb500000)
  object space 44032K, 11% used [0x00000000c1e00000,0x00000000c2328ea0,0x00000000c4900000)
 Metaspace       used 20790K, capacity 21008K, committed 21248K, reserved 1067008K
  class space    used 2642K, capacity 2721K, committed 2816K, reserved 1048576K
}
Event: 4.763 GC heap before
{Heap before GC invocations=7 (full 1):
 PSYoungGen      total 23552K, used 4394K [0x00000000eb500000, 0x00000000ee300000, 0x0000000100000000)
  eden space 16384K, 0% used [0x00000000eb500000,0x00000000eb500000,0x00000000ec500000)
  from space 7168K, 61% used [0x00000000ecc00000,0x00000000ed04a838,0x00000000ed300000)
  to   space 7168K, 0% used [0x00000000ec500000,0x00000000ec500000,0x00000000ecc00000)
 ParOldGen       total 44032K, used 5283K [0x00000000c1e00000, 0x00000000c4900000, 0x00000000eb500000)
  object space 44032K, 11% used [0x00000000c1e00000,0x00000000c2328ea0,0x00000000c4900000)
 Metaspace       used 20790K, capacity 21008K, committed 21248K, reserved 1067008K
  class space    used 2642K, capacity 2721K, committed 2816K, reserved 1048576K
Event: 4.854 GC heap after
Heap after GC invocations=7 (full 1):
 PSYoungGen      total 23552K, used 0K [0x00000000eb500000, 0x00000000ee300000, 0x0000000100000000)
  eden space 16384K, 0% used [0x00000000eb500000,0x00000000eb500000,0x00000000ec500000)
  from space 7168K, 0% used [0x00000000ecc00000,0x00000000ecc00000,0x00000000ed300000)
  to   space 7168K, 0% used [0x00000000ec500000,0x00000000ec500000,0x00000000ecc00000)
 ParOldGen       total 35328K, used 5536K [0x00000000c1e00000, 0x00000000c4080000, 0x00000000eb500000)
  object space 35328K, 15% used [0x00000000c1e00000,0x00000000c23683b8,0x00000000c4080000)
 Metaspace       used 20790K, capacity 21008K, committed 21248K, reserved 1067008K
  class space    used 2642K, capacity 2721K, committed 2816K, reserved 1048576K
}
Event: 6.350 GC heap before
{Heap before GC invocations=8 (full 1):
 PSYoungGen      total 23552K, used 16384K [0x00000000eb500000, 0x00000000ee300000, 0x0000000100000000)
  eden space 16384K, 100% used [0x00000000eb500000,0x00000000ec500000,0x00000000ec500000)
  from space 7168K, 0% used [0x00000000ecc00000,0x00000000ecc00000,0x00000000ed300000)
  to   space 7168K, 0% used [0x00000000ec500000,0x00000000ec500000,0x00000000ecc00000)
 ParOldGen       total 35328K, used 5536K [0x00000000c1e00000, 0x00000000c4080000, 0x00000000eb500000)
  object space 35328K, 15% used [0x00000000c1e00000,0x00000000c23683b8,0x00000000c4080000)
 Metaspace       used 23835K, capacity 24016K, committed 24192K, reserved 1071104K
  class space    used 3106K, capacity 3169K, committed 3200K, reserved 1048576K
Event: 6.353 GC heap after
Heap after GC invocations=8 (full 1):
 PSYoungGen      total 23552K, used 2855K [0x00000000eb500000, 0x00000000ed780000, 0x0000000100000000)
  eden space 16384K, 0% used [0x00000000eb500000,0x00000000eb500000,0x00000000ec500000)
  from space 7168K, 39% used [0x00000000ec500000,0x00000000ec7c9c10,0x00000000ecc00000)
  to   space 6656K, 0% used [0x00000000ed100000,0x00000000ed100000,0x00000000ed780000)
 ParOldGen       total 35328K, used 5544K [0x00000000c1e00000, 0x00000000c4080000, 0x00000000eb500000)
  object space 35328K, 15% used [0x00000000c1e00000,0x00000000c236a3b8,0x00000000c4080000)
 Metaspace       used 23835K, capacity 24016K, committed 24192K, reserved 1071104K
  class space    used 3106K, capacity 3169K, committed 3200K, reserved 1048576K
}
Event: 7.140 GC heap before
{Heap before GC invocations=9 (full 1):
 PSYoungGen      total 23552K, used 19239K [0x00000000eb500000, 0x00000000ed780000, 0x0000000100000000)
  eden space 16384K, 100% used [0x00000000eb500000,0x00000000ec500000,0x00000000ec500000)
  from space 7168K, 39% used [0x00000000ec500000,0x00000000ec7c9c10,0x00000000ecc00000)
  to   space 6656K, 0% used [0x00000000ed100000,0x00000000ed100000,0x00000000ed780000)
 ParOldGen       total 35328K, used 5544K [0x00000000c1e00000, 0x00000000c4080000, 0x00000000eb500000)
  object space 35328K, 15% used [0x00000000c1e00000,0x00000000c236a3b8,0x00000000c4080000)
 Metaspace       used 25999K, capacity 26230K, committed 26624K, reserved 1073152K
  class space    used 3382K, capacity 3458K, committed 3584K, reserved 1048576K
Event: 7.146 GC heap after
Heap after GC invocations=9 (full 1):
 PSYoungGen      total 27648K, used 3151K [0x00000000eb500000, 0x00000000ed680000, 0x0000000100000000)
  eden space 22016K, 0% used [0x00000000eb500000,0x00000000eb500000,0x00000000eca80000)
  from space 5632K, 55% used [0x00000000ed100000,0x00000000ed413f60,0x00000000ed680000)
  to   space 6144K, 0% used [0x00000000eca80000,0x00000000eca80000,0x00000000ed080000)
 ParOldGen       total 35328K, used 5552K [0x00000000c1e00000, 0x00000000c4080000, 0x00000000eb500000)
  object space 35328K, 15% used [0x00000000c1e00000,0x00000000c236c3b8,0x00000000c4080000)
 Metaspace       used 25999K, capacity 26230K, committed 26624K, reserved 1073152K
  class space    used 3382K, capacity 3458K, committed 3584K, reserved 1048576K
}

